[2026-04-04 13:31:53,687] LIBL-60MKCS3/INFO/locust.main: Starting Locust 2.43.4
[2026-04-04 13:31:53,687] LIBL-60MKCS3/INFO/locust.main: Run time limit set to 15 seconds
[2026-04-04 13:31:53,688] LIBL-60MKCS3/INFO/locust.runners: Ramping to 100 users at a rate of 20.00 per second
[2026-04-04 13:31:57,694] LIBL-60MKCS3/INFO/locust.runners: All users spawned: {"UrlShortenerUser": 100} (100 total users)
[2026-04-04 13:32:09,623] LIBL-60MKCS3/INFO/locust.main: --run-time limit reached, shutting down
[2026-04-04 13:32:09,656] LIBL-60MKCS3/INFO/locust.main: Shutting down (exit code 0)
Type     Name                                                                          # reqs      # fails |    Avg     Min     Max    Med |   req/s  failures/s
--------|----------------------------------------------------------------------------|-------|-------------|-------|-------|-------|-------|--------|-----------
GET      GET /events                                                                      248     0(0.00%) |    572      63    1432    560 |   15.54        0.00
GET      GET /health                                                                      842     0(0.00%) |    424       1    1203    380 |   52.75        0.00
GET      GET /urls                                                                        313     0(0.00%) |    460      11    1325    420 |   19.61        0.00
GET      GET /users                                                                       509     0(0.00%) |    450      14    1257    400 |   31.89        0.00
POST     POST /urls                                                                       399     0(0.00%) |    459      19    1428    400 |   24.99        0.00
POST     POST /users                                                                      432     0(0.00%) |    453      16    1330    390 |   27.06        0.00
--------|----------------------------------------------------------------------------|-------|-------------|-------|-------|-------|-------|--------|-----------
         Aggregated                                                                      2743     0(0.00%) |    456       1    1432    400 |  171.83        0.00

Response time percentiles (approximated)
Type     Name                                                                                  50%    66%    75%    80%    90%    95%    98%    99%  99.9% 99.99%   100% # reqs
--------|--------------------------------------------------------------------------------|--------|------|------|------|------|------|------|------|------|------|------|------
GET      GET /events                                                                           560    730    840    890   1100   1200   1300   1400   1400   1400   1400    248
GET      GET /health                                                                           380    560    650    700    850   1000   1100   1100   1200   1200   1200    842
GET      GET /urls                                                                             420    600    700    740    930   1000   1200   1300   1300   1300   1300    313
GET      GET /users                                                                            400    590    700    760    890   1100   1100   1200   1300   1300   1300    509
POST     POST /urls                                                                            400    560    710    750    950   1100   1200   1200   1400   1400   1400    399
POST     POST /users                                                                           390    560    690    760    910   1100   1200   1200   1300   1300   1300    432
--------|--------------------------------------------------------------------------------|--------|------|------|------|------|------|------|------|------|------|------|------
         Aggregated                                                                            400    590    700    750    920   1100   1200   1200   1400   1400   1400   2743

