[2026-04-04 13:28:17,767] LIBL-60MKCS3/INFO/locust.main: Starting Locust 2.43.4
[2026-04-04 13:28:17,768] LIBL-60MKCS3/INFO/locust.main: Run time limit set to 20 seconds
[2026-04-04 13:28:17,768] LIBL-60MKCS3/INFO/locust.runners: Ramping to 40 users at a rate of 10.00 per second
[2026-04-04 13:28:20,776] LIBL-60MKCS3/INFO/locust.runners: All users spawned: {"UrlShortenerUser": 40} (40 total users)
[2026-04-04 13:28:37,624] LIBL-60MKCS3/INFO/locust.main: --run-time limit reached, shutting down
[2026-04-04 13:28:37,701] LIBL-60MKCS3/INFO/locust.main: Shutting down (exit code 0)
Type     Name                                                                          # reqs      # fails |    Avg     Min     Max    Med |   req/s  failures/s
--------|----------------------------------------------------------------------------|-------|-------------|-------|-------|-------|-------|--------|-----------
GET      GET /events                                                                      243     0(0.00%) |    335      58    1249    310 |   12.19        0.00
GET      GET /health                                                                     1034     0(0.00%) |    183       3    1049    160 |   51.89        0.00
GET      GET /urls                                                                        427     0(0.00%) |    212       8     916    200 |   21.43        0.00
GET      GET /users                                                                       678     0(0.00%) |    212       9     985    200 |   34.02        0.00
POST     POST /urls                                                                       475     0(0.00%) |    239      19     958    220 |   23.84        0.00
POST     POST /users                                                                      502     0(0.00%) |    211      11     975    180 |   25.19        0.00
--------|----------------------------------------------------------------------------|-------|-------------|-------|-------|-------|-------|--------|-----------
         Aggregated                                                                      3359     0(0.00%) |    216       3    1249    200 |  168.56        0.00

Response time percentiles (approximated)
Type     Name                                                                                  50%    66%    75%    80%    90%    95%    98%    99%  99.9% 99.99%   100% # reqs
--------|--------------------------------------------------------------------------------|--------|------|------|------|------|------|------|------|------|------|------|------
GET      GET /events                                                                           310    380    420    440    550    610    780   1100   1200   1200   1200    243
GET      GET /health                                                                           160    220    260    290    360    430    500    660   1000   1000   1000   1034
GET      GET /urls                                                                             200    260    300    330    400    450    540    570    920    920    920    427
GET      GET /users                                                                            200    260    300    330    390    460    510    570    990    990    990    678
POST     POST /urls                                                                            220    280    330    360    430    510    570    720    960    960    960    475
POST     POST /users                                                                           180    260    310    340    420    470    510    570    980    980    980    502
--------|--------------------------------------------------------------------------------|--------|------|------|------|------|------|------|------|------|------|------|------
         Aggregated                                                                            200    260    300    340    410    470    550    670   1000   1200   1200   3359

