[2026-04-04 13:47:55,790] LIBL-60MKCS3/INFO/locust.main: Starting Locust 2.43.4
[2026-04-04 13:47:55,791] LIBL-60MKCS3/INFO/locust.main: Run time limit set to 45 seconds
[2026-04-04 13:47:55,791] LIBL-60MKCS3/INFO/locust.runners: Ramping to 40 users at a rate of 10.00 per second
[2026-04-04 13:47:58,794] LIBL-60MKCS3/INFO/locust.runners: All users spawned: {"UrlShortenerUser": 40} (40 total users)
[2026-04-04 13:48:42,730] LIBL-60MKCS3/INFO/locust.main: --run-time limit reached, shutting down
[2026-04-04 13:48:42,776] LIBL-60MKCS3/INFO/locust.main: Shutting down (exit code 0)
Type     Name                                                                          # reqs      # fails |    Avg     Min     Max    Med |   req/s  failures/s
--------|----------------------------------------------------------------------------|-------|-------------|-------|-------|-------|-------|--------|-----------
GET      GET /events                                                                      129     5(3.88%) |   2041      66   14673   1700 |    2.75        0.11
GET      GET /health                                                                      496     0(0.00%) |    867       3   13985    510 |   10.56        0.00
GET      GET /urls                                                                        235     7(2.98%) |    744      11   12440    600 |    5.00        0.15
GET      GET /users                                                                       357    17(4.76%) |   1055      13   14056    550 |    7.60        0.36
POST     POST /urls                                                                       263    17(6.46%) |   1017      51   14069    670 |    5.60        0.36
POST     POST /users                                                                      225     6(2.67%) |    797      23   13380    470 |    4.79        0.13
--------|----------------------------------------------------------------------------|-------|-------------|-------|-------|-------|-------|--------|-----------
         Aggregated                                                                      1705    52(3.05%) |    992       3   14673    610 |   36.29        1.11

Response time percentiles (approximated)
Type     Name                                                                                  50%    66%    75%    80%    90%    95%    98%    99%  99.9% 99.99%   100% # reqs
--------|--------------------------------------------------------------------------------|--------|------|------|------|------|------|------|------|------|------|------|------
GET      GET /events                                                                          1700   2000   2200   2400   2800   3100  13000  13000  15000  15000  15000    129
GET      GET /health                                                                           510    750    930   1000   1400   1600  12000  13000  14000  14000  14000    496
GET      GET /urls                                                                             600    780    940   1100   1400   1700   1900   2100  12000  12000  12000    235
GET      GET /users                                                                            550    790    940   1100   1500   1900  12000  12000  14000  14000  14000    357
POST     POST /urls                                                                            670    860   1100   1200   1700   1900  12000  14000  14000  14000  14000    263
POST     POST /users                                                                           470    680    870    980   1400   1700   2300  12000  13000  13000  13000    225
--------|--------------------------------------------------------------------------------|--------|------|------|------|------|------|------|------|------|------|------|------
         Aggregated                                                                            610    860   1100   1200   1700   2000  12000  12000  14000  15000  15000   1705

Error report
# occurrences      Error                                                                                               
------------------|---------------------------------------------------------------------------------------------------------------------------------------------
3                  POST POST /urls: LocustBadStatusCode(code=500)                                                      
17                 GET GET /users: LocustBadStatusCode(code=503)                                                       
5                  GET GET /events: LocustBadStatusCode(code=503)                                                      
14                 POST POST /urls: LocustBadStatusCode(code=503)                                                      
6                  POST POST /users: LocustBadStatusCode(code=503)                                                     
7                  GET GET /urls: LocustBadStatusCode(code=503)                                                        
------------------|---------------------------------------------------------------------------------------------------------------------------------------------

