[2026-04-04 13:45:20,792] LIBL-60MKCS3/INFO/locust.main: Starting Locust 2.43.4
[2026-04-04 13:45:20,792] LIBL-60MKCS3/INFO/locust.main: Run time limit set to 45 seconds
[2026-04-04 13:45:20,792] LIBL-60MKCS3/INFO/locust.runners: Ramping to 40 users at a rate of 10.00 per second
[2026-04-04 13:45:23,798] LIBL-60MKCS3/INFO/locust.runners: All users spawned: {"UrlShortenerUser": 40} (40 total users)
[2026-04-04 13:46:06,722] LIBL-60MKCS3/INFO/locust.main: --run-time limit reached, shutting down
[2026-04-04 13:46:06,760] LIBL-60MKCS3/INFO/locust.main: Shutting down (exit code 0)
Type     Name                                                                          # reqs      # fails |    Avg     Min     Max    Med |   req/s  failures/s
--------|----------------------------------------------------------------------------|-------|-------------|-------|-------|-------|-------|--------|-----------
GET      GET /events                                                                      137    11(8.03%) |   1870      49   13345   1600 |    2.98        0.24
GET      GET /health                                                                      519     0(0.00%) |    733       7   12740    460 |   11.31        0.00
GET      GET /urls                                                                        219    16(7.31%) |    731      24   12739    440 |    4.77        0.35
GET      GET /users                                                                       393    24(6.11%) |    953      16   12729    500 |    8.56        0.52
POST     POST /urls                                                                       285    17(5.96%) |    925      42   12751    580 |    6.21        0.37
POST     POST /users                                                                      257    14(5.45%) |   1021      27   12730    490 |    5.60        0.31
--------|----------------------------------------------------------------------------|-------|-------------|-------|-------|-------|-------|--------|-----------
         Aggregated                                                                      1810    82(4.53%) |    938       7   13345    550 |   39.43        1.79

Response time percentiles (approximated)
Type     Name                                                                                  50%    66%    75%    80%    90%    95%    98%    99%  99.9% 99.99%   100% # reqs
--------|--------------------------------------------------------------------------------|--------|------|------|------|------|------|------|------|------|------|------|------
GET      GET /events                                                                          1600   1900   2100   2200   2600   2800  13000  13000  13000  13000  13000    137
GET      GET /health                                                                           460    760    950   1100   1300   1500   1700  12000  13000  13000  13000    519
GET      GET /urls                                                                             440    710    870   1100   1300   1400   1800  13000  13000  13000  13000    219
GET      GET /users                                                                            500    810   1000   1100   1300   1500  12000  12000  13000  13000  13000    393
POST     POST /urls                                                                            580    920   1100   1200   1400   1500  12000  12000  13000  13000  13000    285
POST     POST /users                                                                           490    840   1000   1100   1400   1600  12000  12000  13000  13000  13000    257
--------|--------------------------------------------------------------------------------|--------|------|------|------|------|------|------|------|------|------|------|------
         Aggregated                                                                            550    900   1100   1200   1500   1900  12000  12000  13000  13000  13000   1810

Error report
# occurrences      Error                                                                                               
------------------|---------------------------------------------------------------------------------------------------------------------------------------------
17                 POST POST /urls: LocustBadStatusCode(code=503)                                                      
24                 GET GET /users: LocustBadStatusCode(code=503)                                                       
16                 GET GET /urls: LocustBadStatusCode(code=503)                                                        
11                 GET GET /events: LocustBadStatusCode(code=503)                                                      
14                 POST POST /users: LocustBadStatusCode(code=503)                                                     
------------------|---------------------------------------------------------------------------------------------------------------------------------------------

