[2026-04-04 13:37:10,384] LIBL-60MKCS3/INFO/locust.main: Starting Locust 2.43.4
[2026-04-04 13:37:10,384] LIBL-60MKCS3/INFO/locust.main: Run time limit set to 45 seconds
[2026-04-04 13:37:10,385] LIBL-60MKCS3/INFO/locust.runners: Ramping to 40 users at a rate of 10.00 per second
[2026-04-04 13:37:13,390] LIBL-60MKCS3/INFO/locust.runners: All users spawned: {"UrlShortenerUser": 40} (40 total users)
[2026-04-04 13:37:56,338] LIBL-60MKCS3/INFO/locust.main: --run-time limit reached, shutting down
[2026-04-04 13:37:56,381] LIBL-60MKCS3/INFO/locust.main: Shutting down (exit code 0)
Type     Name                                                                          # reqs      # fails |    Avg     Min     Max    Med |   req/s  failures/s
--------|----------------------------------------------------------------------------|-------|-------------|-------|-------|-------|-------|--------|-----------
GET      GET /events                                                                       34     3(8.82%) |   1431     187    2739   1500 |    3.68        0.32
GET      GET /health                                                                      191     0(0.00%) |    470       5    2222    280 |   20.66        0.00
GET      GET /urls                                                                         73   11(15.07%) |    386       8    2213    210 |    7.90        1.19
GET      GET /users                                                                       120   13(10.83%) |    476      21    2231    310 |   12.98        1.41
POST     POST /urls                                                                        84   15(17.86%) |    469      49    2348    360 |    9.09        1.62
POST     POST /users                                                                       93   14(15.05%) |    456      19    2252    260 |   10.06        1.51
--------|----------------------------------------------------------------------------|-------|-------------|-------|-------|-------|-------|--------|-----------
         Aggregated                                                                       595    56(9.41%) |    514       5    2739    310 |   64.36        6.06

Response time percentiles (approximated)
Type     Name                                                                                  50%    66%    75%    80%    90%    95%    98%    99%  99.9% 99.99%   100% # reqs
--------|--------------------------------------------------------------------------------|--------|------|------|------|------|------|------|------|------|------|------|------
GET      GET /events                                                                          1600   1800   1900   2000   2100   2200   2700   2700   2700   2700   2700     34
GET      GET /health                                                                           280    510    630    760   1200   1700   2200   2200   2200   2200   2200    191
GET      GET /urls                                                                             210    390    570    600    910   1200   2200   2200   2200   2200   2200     73
GET      GET /users                                                                            320    510    580    630   1100   1800   2200   2200   2200   2200   2200    120
POST     POST /urls                                                                            400    570    690    730    890   1200   1400   2300   2300   2300   2300     84
POST     POST /users                                                                           260    520    610    720   1100   1200   2200   2300   2300   2300   2300     93
--------|--------------------------------------------------------------------------------|--------|------|------|------|------|------|------|------|------|------|------|------
         Aggregated                                                                            310    540    670    820   1200   1800   2200   2200   2700   2700   2700    595

Error report
# occurrences      Error                                                                                               
------------------|---------------------------------------------------------------------------------------------------------------------------------------------
13                 GET GET /users: LocustBadStatusCode(code=500)                                                       
15                 POST POST /urls: LocustBadStatusCode(code=500)                                                      
14                 POST POST /users: LocustBadStatusCode(code=500)                                                     
11                 GET GET /urls: LocustBadStatusCode(code=500)                                                        
3                  GET GET /events: LocustBadStatusCode(code=500)                                                      
------------------|---------------------------------------------------------------------------------------------------------------------------------------------

