[2026-04-04 13:35:06,027] LIBL-60MKCS3/INFO/locust.main: Starting Locust 2.43.4
[2026-04-04 13:35:06,028] LIBL-60MKCS3/INFO/locust.main: Run time limit set to 45 seconds
[2026-04-04 13:35:06,028] LIBL-60MKCS3/INFO/locust.runners: Ramping to 80 users at a rate of 20.00 per second
[2026-04-04 13:35:09,030] LIBL-60MKCS3/INFO/locust.runners: All users spawned: {"UrlShortenerUser": 80} (80 total users)
[2026-04-04 13:35:53,118] LIBL-60MKCS3/INFO/locust.main: --run-time limit reached, shutting down
[2026-04-04 13:35:53,172] LIBL-60MKCS3/INFO/locust.main: Shutting down (exit code 0)
Type     Name                                                                          # reqs      # fails |    Avg     Min     Max    Med |   req/s  failures/s
--------|----------------------------------------------------------------------------|-------|-------------|-------|-------|-------|-------|--------|-----------
GET      GET /<short_code>                                                               5695  579(10.17%) |     94       2     398    120 |  692.13       70.37
--------|----------------------------------------------------------------------------|-------|-------------|-------|-------|-------|-------|--------|-----------
         Aggregated                                                                      5695  579(10.17%) |     94       2     398    120 |  692.13       70.37

Response time percentiles (approximated)
Type     Name                                                                                  50%    66%    75%    80%    90%    95%    98%    99%  99.9% 99.99%   100% # reqs
--------|--------------------------------------------------------------------------------|--------|------|------|------|------|------|------|------|------|------|------|------
GET      GET /<short_code>                                                                     120    130    140    140    140    150    150    160    360    400    400   5695
--------|--------------------------------------------------------------------------------|--------|------|------|------|------|------|------|------|------|------|------|------
         Aggregated                                                                            120    130    140    140    140    150    150    160    360    400    400   5695

Error report
# occurrences      Error                                                                                               
------------------|---------------------------------------------------------------------------------------------------------------------------------------------
578                GET GET /<short_code>: LocustBadStatusCode(code=502)                                                
1                  GET GET /<short_code>: HTTPParseError('Incomplete response.')                                       
------------------|---------------------------------------------------------------------------------------------------------------------------------------------

