[2026-04-04 13:24:30,799] LIBL-60MKCS3/INFO/locust.main: Starting Locust 2.43.4
[2026-04-04 13:24:30,800] LIBL-60MKCS3/INFO/locust.main: Run time limit set to 20 seconds
[2026-04-04 13:24:30,800] LIBL-60MKCS3/INFO/locust.runners: Ramping to 40 users at a rate of 10.00 per second
[2026-04-04 13:24:33,803] LIBL-60MKCS3/INFO/locust.runners: All users spawned: {"UrlShortenerUser": 40} (40 total users)
[2026-04-04 13:24:51,698] LIBL-60MKCS3/INFO/locust.main: --run-time limit reached, shutting down
[2026-04-04 13:24:51,772] LIBL-60MKCS3/INFO/locust.main: Shutting down (exit code 0)
Type     Name                                                                          # reqs      # fails |    Avg     Min     Max    Med |   req/s  failures/s
--------|----------------------------------------------------------------------------|-------|-------------|-------|-------|-------|-------|--------|-----------
GET      GET /events                                                                       33     0(0.00%) |   2380    1126    4077   2300 |    1.59        0.00
GET      GET /health                                                                      152     0(0.00%) |   1278       2    3716   1100 |    7.31        0.00
GET      GET /urls                                                                         45     0(0.00%) |   1600      99    3119   1500 |    2.16        0.00
GET      GET /users                                                                       103     0(0.00%) |   1390      65    3454   1300 |    4.95        0.00
POST     POST /urls                                                                        90     0(0.00%) |   1192      16    3111   1000 |    4.33        0.00
POST     POST /users                                                                       85     0(0.00%) |   1151       6    3499    980 |    4.09        0.00
--------|----------------------------------------------------------------------------|-------|-------------|-------|-------|-------|-------|--------|-----------
         Aggregated                                                                       508     0(0.00%) |   1365       2    4077   1300 |   24.43        0.00

Response time percentiles (approximated)
Type     Name                                                                                  50%    66%    75%    80%    90%    95%    98%    99%  99.9% 99.99%   100% # reqs
--------|--------------------------------------------------------------------------------|--------|------|------|------|------|------|------|------|------|------|------|------
GET      GET /events                                                                          2300   2600   3000   3100   3700   4000   4100   4100   4100   4100   4100     33
GET      GET /health                                                                          1100   1700   2000   2100   2600   2800   3100   3500   3700   3700   3700    152
GET      GET /urls                                                                            1500   2100   2500   2700   2800   3000   3100   3100   3100   3100   3100     45
GET      GET /users                                                                           1300   1900   2100   2200   2600   2700   3200   3300   3500   3500   3500    103
POST     POST /urls                                                                           1000   1900   1900   2000   2500   2600   2800   3100   3100   3100   3100     90
POST     POST /users                                                                           980   1500   2000   2100   2100   2700   3100   3500   3500   3500   3500     85
--------|--------------------------------------------------------------------------------|--------|------|------|------|------|------|------|------|------|------|------|------
         Aggregated                                                                           1300   1900   2100   2200   2700   2900   3300   3600   4100   4100   4100    508

