[2026-04-04 13:30:03,472] LIBL-60MKCS3/INFO/locust.main: Starting Locust 2.43.4
[2026-04-04 13:30:03,473] LIBL-60MKCS3/INFO/locust.main: Run time limit set to 20 seconds
[2026-04-04 13:30:03,473] LIBL-60MKCS3/INFO/locust.runners: Ramping to 40 users at a rate of 10.00 per second
[2026-04-04 13:30:06,478] LIBL-60MKCS3/INFO/locust.runners: All users spawned: {"UrlShortenerUser": 40} (40 total users)
[2026-04-04 13:30:24,393] LIBL-60MKCS3/INFO/locust.main: --run-time limit reached, shutting down
[2026-04-04 13:30:24,427] LIBL-60MKCS3/INFO/locust.main: Shutting down (exit code 0)
Type     Name                                                                          # reqs      # fails |    Avg     Min     Max    Med |   req/s  failures/s
--------|----------------------------------------------------------------------------|-------|-------------|-------|-------|-------|-------|--------|-----------
GET      GET /events                                                                      278     0(0.00%) |    289      54     715    290 |   13.27        0.00
GET      GET /health                                                                     1127     0(0.00%) |    166       1     499    160 |   53.80        0.00
GET      GET /urls                                                                        448     0(0.00%) |    182       6     519    180 |   21.39        0.00
GET      GET /users                                                                       725     0(0.00%) |    184       6     577    180 |   34.61        0.00
POST     POST /urls                                                                       575     0(0.00%) |    229      12     686    230 |   27.45        0.00
POST     POST /users                                                                      593     0(0.00%) |    184       8     507    180 |   28.31        0.00
--------|----------------------------------------------------------------------------|-------|-------------|-------|-------|-------|-------|--------|-----------
         Aggregated                                                                      3746     0(0.00%) |    193       1     715    190 |  178.83        0.00

Response time percentiles (approximated)
Type     Name                                                                                  50%    66%    75%    80%    90%    95%    98%    99%  99.9% 99.99%   100% # reqs
--------|--------------------------------------------------------------------------------|--------|------|------|------|------|------|------|------|------|------|------|------
GET      GET /events                                                                           290    340    370    390    470    500    550    600    720    720    720    278
GET      GET /health                                                                           160    200    240    250    300    340    400    430    500    500    500   1127
GET      GET /urls                                                                             190    220    250    270    320    360    430    490    520    520    520    448
GET      GET /users                                                                            180    220    250    270    320    370    420    460    580    580    580    725
POST     POST /urls                                                                            230    270    310    330    370    430    490    530    690    690    690    575
POST     POST /users                                                                           180    220    250    270    330    380    430    460    510    510    510    593
--------|--------------------------------------------------------------------------------|--------|------|------|------|------|------|------|------|------|------|------|------
         Aggregated                                                                            190    240    260    290    340    400    460    500    600    720    720   3746

